[debug] > Exec(early(addDefaultCommands), None, None)
[debug] > Exec(addDefaultCommands, None, None)
[debug] > Exec(early(initialize), None, None)
[debug] > Exec(initialize, None, None)
[debug] > Exec(boot, None, None)
[debug] > Exec(writeSbtVersion, None, None)
[debug] > Exec(reload, None, None)
[debug] > Exec(sbtStashOnFailure, None, None)
[debug] > Exec(onFailure loadFailed, None, None)
[debug] > Exec(loadp, None, None)
[info] welcome to sbt 1.6.2 (Oracle Corporation Java 19.0.2)
[debug]       Load.loadUnit: plugins took 141.304607ms
[debug]       Load.loadUnit: defsScala took 0.276234ms
[debug] [Loading] Scanning directory /Users/duyhoang/.sbt/1.0/plugins
[debug] [Loading] Found non-root projects 
[debug] [Loading] Done in /Users/duyhoang/.sbt/1.0/plugins, returning: ()
[debug] deducing auto plugins based on known facts Set(Atom(sbt.plugins.CorePlugin)) and clauses Clauses(Clause(Atom(sbt.plugins.JvmPlugin),Set(Atom(sbt.plugins.IvyPlugin)))
[debug] Clause(Atom(sbt.ScriptedPlugin),Set(Atom(sbt.plugins.JvmPlugin)))
[debug] Clause(Atom(sbt.plugins.SbtPlugin),Set(Atom(sbt.ScriptedPlugin)))
[debug] Clause(Atom(sbt.plugins.SemanticdbPlugin),Set(Atom(sbt.plugins.JvmPlugin)))
[debug] Clause(Atom(sbt.plugins.JUnitXmlReportPlugin),Set(Atom(sbt.plugins.JvmPlugin)))
[debug] Clause(Atom(sbt.plugins.MiniDependencyTreePlugin),Set(Atom(sbt.plugins.JvmPlugin)))
[debug] Clause(Atom(sbt.plugins.CorePlugin),Set(Atom(sbt.plugins.IvyPlugin)))
[debug] Clause(Atom(sbt.plugins.IvyPlugin),Set(Atom(sbt.plugins.JvmPlugin)))
[debug] Clause(Atom(sbt.plugins.JvmPlugin),Set(Atom(sbt.plugins.SemanticdbPlugin)))
[debug] Clause(Atom(sbt.plugins.JvmPlugin),Set(Atom(sbt.plugins.JUnitXmlReportPlugin)))
[debug] Clause(Atom(sbt.plugins.CorePlugin),Set(Atom(sbt.plugins.Giter8TemplatePlugin)))
[debug] Clause(Atom(sbt.plugins.JvmPlugin),Set(Atom(sbt.plugins.MiniDependencyTreePlugin))))
[debug]   :: deduced result: Matched(sbt.plugins.CorePlugin,sbt.plugins.Giter8TemplatePlugin,sbt.plugins.IvyPlugin,sbt.plugins.JvmPlugin,sbt.plugins.MiniDependencyTreePlugin,sbt.plugins.JUnitXmlReportPlugin,sbt.plugins.SemanticdbPlugin)
[debug] Plugins.deducer#function took 23.056167 ms
[debug]           Load.resolveProject(global-plugins) took 59.371621ms
[debug]         Load.loadTransitive: finalizeProject(Project(id global-plugins, base: /Users/duyhoang/.sbt/1.0/plugins, plugins: List(<none>))) took 110.849756ms
[debug] [Loading] Done in /Users/duyhoang/.sbt/1.0/plugins, returning: (global-plugins)
[debug]       Load.loadUnit: loadedProjectsRaw took 139.342687ms
[debug]       Load.loadUnit: cleanEvalClasses took 0.277325ms
[debug]     Load.loadUnit(file:/Users/duyhoang/.sbt/1.0/plugins/, ...) took 292.486635ms
[debug]   Load.apply: load took 790.287483ms
[debug]   Load.apply: resolveProjects took 14.515337ms
[debug]   Load.apply: finalTransforms took 167.300548ms
[debug]   Load.apply: config.delegates took 22.951778ms
[debug]   Load.apply: Def.make(settings)... took 3048.177731ms
[debug]   Load.apply: structureIndex took 182.217542ms
[debug]   Load.apply: mkStreams took 2.842938ms
[info] loading global plugins from /Users/duyhoang/.sbt/1.0/plugins
[debug] Running task... Cancel: Signal, check cycles: false, forcegc: true
[debug] Load.defaultLoad until apply took 7016.168144ms
[debug]           Load.loadUnit: plugins took 26.651136ms
[debug]           Load.loadUnit: defsScala took 0.003775ms
[debug] [Loading] Scanning directory /Users/duyhoang/Desktop/Github Projects/http4s-intro/project
[debug] [Loading] Found non-root projects 
[debug] [Loading] Done in /Users/duyhoang/Desktop/Github Projects/http4s-intro/project, returning: ()
[debug] deducing auto plugins based on known facts Set(Atom(sbt.plugins.CorePlugin)) and clauses Clauses(Clause(Atom(sbt.plugins.JvmPlugin),Set(Atom(sbt.plugins.IvyPlugin)))
[debug] Clause(Atom(sbt.ScriptedPlugin),Set(Atom(sbt.plugins.JvmPlugin)))
[debug] Clause(Atom(sbt.plugins.SbtPlugin),Set(Atom(sbt.ScriptedPlugin)))
[debug] Clause(Atom(sbt.plugins.SemanticdbPlugin),Set(Atom(sbt.plugins.JvmPlugin)))
[debug] Clause(Atom(sbt.plugins.JUnitXmlReportPlugin),Set(Atom(sbt.plugins.JvmPlugin)))
[debug] Clause(Atom(sbt.plugins.MiniDependencyTreePlugin),Set(Atom(sbt.plugins.JvmPlugin)))
[debug] Clause(Atom(sbt.plugins.CorePlugin),Set(Atom(sbt.plugins.IvyPlugin)))
[debug] Clause(Atom(sbt.plugins.IvyPlugin),Set(Atom(sbt.plugins.JvmPlugin)))
[debug] Clause(Atom(sbt.plugins.JvmPlugin),Set(Atom(sbt.plugins.SemanticdbPlugin)))
[debug] Clause(Atom(sbt.plugins.JvmPlugin),Set(Atom(sbt.plugins.JUnitXmlReportPlugin)))
[debug] Clause(Atom(sbt.plugins.CorePlugin),Set(Atom(sbt.plugins.Giter8TemplatePlugin)))
[debug] Clause(Atom(sbt.plugins.JvmPlugin),Set(Atom(sbt.plugins.MiniDependencyTreePlugin))))
[debug]   :: deduced result: Matched(sbt.plugins.CorePlugin,sbt.plugins.Giter8TemplatePlugin,sbt.plugins.IvyPlugin,sbt.plugins.JvmPlugin,sbt.plugins.MiniDependencyTreePlugin,sbt.plugins.JUnitXmlReportPlugin,sbt.plugins.SemanticdbPlugin)
[debug] Plugins.deducer#function took 3.978793 ms
[debug]               Load.resolveProject(http4s-intro-build) took 1.258976ms
[debug]             Load.loadTransitive: finalizeProject(Project(id http4s-intro-build, base: /Users/duyhoang/Desktop/Github Projects/http4s-intro/project, plugins: List(<none>))) took 6.525003ms
[debug] [Loading] Done in /Users/duyhoang/Desktop/Github Projects/http4s-intro/project, returning: (http4s-intro-build)
[debug]           Load.loadUnit: loadedProjectsRaw took 10.298579ms
[debug]           Load.loadUnit: cleanEvalClasses took 0.038378ms
[debug]         Load.loadUnit(file:/Users/duyhoang/Desktop/Github%20Projects/http4s-intro/project/, ...) took 38.0282ms
[debug]       Load.apply: load took 40.329881ms
[debug]       Load.apply: resolveProjects took 0.145771ms
[debug]       Load.apply: finalTransforms took 18.675663ms
[debug]       Load.apply: config.delegates took 0.450993ms
[debug]       Load.apply: Def.make(settings)... took 132.863475ms
[debug]       Load.apply: structureIndex took 54.865521ms
[debug]       Load.apply: mkStreams took 0.002857ms
[info] loading project definition from /Users/duyhoang/Desktop/Github Projects/http4s-intro/project
[debug] Running task... Cancel: Signal, check cycles: false, forcegc: true
[debug]     Load.loadUnit: plugins took 539.716776ms
[debug]     Load.loadUnit: defsScala took 0.005603ms
[debug] [Loading] Scanning directory /Users/duyhoang/Desktop/Github Projects/http4s-intro
[debug]       Load.loadUnit: mkEval took 14.929336ms
[debug] [Loading] Found root project root w/ remaining 
[debug] deducing auto plugins based on known facts Set(Atom(sbt.plugins.CorePlugin)) and clauses Clauses(Clause(Atom(sbt.plugins.JvmPlugin),Set(Atom(sbt.plugins.IvyPlugin)))
[debug] Clause(Atom(sbt.ScriptedPlugin),Set(Atom(sbt.plugins.JvmPlugin)))
[debug] Clause(Atom(sbt.plugins.SbtPlugin),Set(Atom(sbt.ScriptedPlugin)))
[debug] Clause(Atom(sbt.plugins.SemanticdbPlugin),Set(Atom(sbt.plugins.JvmPlugin)))
[debug] Clause(Atom(sbt.plugins.JUnitXmlReportPlugin),Set(Atom(sbt.plugins.JvmPlugin)))
[debug] Clause(Atom(sbt.plugins.MiniDependencyTreePlugin),Set(Atom(sbt.plugins.JvmPlugin)))
[debug] Clause(Atom(sbt.plugins.CorePlugin),Set(Atom(sbt.plugins.IvyPlugin)))
[debug] Clause(Atom(sbt.plugins.IvyPlugin),Set(Atom(sbt.plugins.JvmPlugin)))
[debug] Clause(Atom(sbt.plugins.JvmPlugin),Set(Atom(sbt.plugins.SemanticdbPlugin)))
[debug] Clause(Atom(sbt.plugins.JvmPlugin),Set(Atom(sbt.plugins.JUnitXmlReportPlugin)))
[debug] Clause(Atom(sbt.plugins.CorePlugin),Set(Atom(sbt.plugins.Giter8TemplatePlugin)))
[debug] Clause(Atom(sbt.plugins.JvmPlugin),Set(Atom(sbt.plugins.MiniDependencyTreePlugin))))
[debug]   :: deduced result: Matched(sbt.plugins.CorePlugin,sbt.plugins.Giter8TemplatePlugin,sbt.plugins.IvyPlugin,sbt.plugins.JvmPlugin,sbt.plugins.MiniDependencyTreePlugin,sbt.plugins.JUnitXmlReportPlugin,sbt.plugins.SemanticdbPlugin)
[debug] Plugins.deducer#function took 2.422771 ms
[info] loading settings for project root from build.sbt ...
[debug]         Load.resolveProject(root) took 3.457416ms
[debug]       Load.loadTransitive: finalizeProject(Project(id root, base: /Users/duyhoang/Desktop/Github Projects/http4s-intro, plugins: List(<none>))) took 7.249747ms
[debug] [Loading] Done in /Users/duyhoang/Desktop/Github Projects/http4s-intro, returning: (root)
[debug]     Load.loadUnit: loadedProjectsRaw took 2993.530081ms
[debug]     Load.loadUnit: cleanEvalClasses took 9.252354ms
[debug]   Load.loadUnit(file:/Users/duyhoang/Desktop/Github%20Projects/http4s-intro/, ...) took 3544.415366ms
[debug] Load.apply: load took 3546.545881ms
[debug] Load.apply: resolveProjects took 0.137713ms
[debug] Load.apply: finalTransforms took 27.412627ms
[debug] Load.apply: config.delegates took 0.520363ms
[debug] Load.apply: Def.make(settings)... took 141.135327ms
[debug] Load.apply: structureIndex took 65.370982ms
[debug] Load.apply: mkStreams took 0.002867ms
[info] set current project to http4s-intro (in build file:/Users/duyhoang/Desktop/Github%20Projects/http4s-intro/)
[debug] > Exec(sbtPopOnFailure, None, None)
[debug] > Exec(resumeFromFailure, None, None)
[debug] > Exec(notifyUsersAboutShell, None, None)
[debug] > Exec(iflast shell, None, None)
[debug] > Exec(shell, None, None)
[info] sbt server started at local:///Users/duyhoang/.sbt/1.0/server/387cf3a2cc5622cad1cb/sock
[debug] Writing bsp connection file
[info] started sbt server
